生成启动时间为 2024/11/9 18:29:26。
     1>项目“D:\编程\Git_project\my_first\拯救苹果\拯救苹果\拯救苹果.vcxproj”在节点 2 上(build 个目标)。
     1>InitializeBuildStatus:
         正在对“Debug\拯救苹果.unsuccessfulbuild”执行 Touch 任务。
       ClCompile:
         C:\Program Files (x86)\Microsoft Visual Studio 10.0\VC\bin\CL.exe /c /ZI /nologo /W3 /WX- /Od /Oy- /D WIN32 /D _DEBUG /D _CONSOLE /D _MBCS /Gm /EHsc /RTC1 /MDd /GS /fp:precise /Zc:wchar_t /Zc:forScope /Fo"Debug\\" /Fd"Debug\vc100.pdb" /Gd /TP /analyze- /errorReport:prompt "源.cpp"
         源.cpp
     1>d:\编程\git_project\my_first\拯救苹果\拯救苹果\源.cpp(10): warning C4244: “参数”: 从“time_t”转换到“unsigned int”，可能丢失数据
       ManifestResourceCompile:
         C:\Program Files (x86)\Microsoft SDKs\Windows\v7.0A\bin\rc.exe /nologo /fo"Debug\拯救苹果.exe.embed.manifest.res" "Debug\拯救苹果_manifest.rc" 
       Link:
         C:\Program Files (x86)\Microsoft Visual Studio 10.0\VC\bin\link.exe /ERRORREPORT:PROMPT /OUT:"D:\编程\Git_project\my_first\拯救苹果\Debug\拯救苹果.exe" /INCREMENTAL /NOLOGO kernel32.lib user32.lib gdi32.lib winspool.lib comdlg32.lib advapi32.lib shell32.lib ole32.lib oleaut32.lib uuid.lib odbc32.lib odbccp32.lib /MANIFEST /ManifestFile:"Debug\拯救苹果.exe.intermediate.manifest" /MANIFESTUAC:"level='asInvoker' uiAccess='false'" /DEBUG /PDB:"D:\编程\Git_project\my_first\拯救苹果\Debug\拯救苹果.pdb" /SUBSYSTEM:CONSOLE /TLBID:1 /DYNAMICBASE /NXCOMPAT /IMPLIB:"D:\编程\Git_project\my_first\拯救苹果\Debug\拯救苹果.lib" /MACHINE:X86 "Debug\拯救苹果.exe.embed.manifest.res"
         "Debug\源.obj"
       Manifest:
         C:\Program Files (x86)\Microsoft SDKs\Windows\v7.0A\bin\mt.exe /nologo /verbose /out:"Debug\拯救苹果.exe.embed.manifest" /manifest "Debug\拯救苹果.exe.intermediate.manifest"
         C:\Program Files (x86)\Microsoft SDKs\Windows\v7.0A\bin\rc.exe /nologo /fo"Debug\拯救苹果.exe.embed.manifest.res" "Debug\拯救苹果_manifest.rc" 
       LinkEmbedManifest:
         C:\Program Files (x86)\Microsoft Visual Studio 10.0\VC\bin\link.exe /ERRORREPORT:PROMPT /OUT:"D:\编程\Git_project\my_first\拯救苹果\Debug\拯救苹果.exe" /INCREMENTAL /NOLOGO kernel32.lib user32.lib gdi32.lib winspool.lib comdlg32.lib advapi32.lib shell32.lib ole32.lib oleaut32.lib uuid.lib odbc32.lib odbccp32.lib /MANIFEST /ManifestFile:"Debug\拯救苹果.exe.intermediate.manifest" /MANIFESTUAC:"level='asInvoker' uiAccess='false'" /DEBUG /PDB:"D:\编程\Git_project\my_first\拯救苹果\Debug\拯救苹果.pdb" /SUBSYSTEM:CONSOLE /TLBID:1 /DYNAMICBASE /NXCOMPAT /IMPLIB:"D:\编程\Git_project\my_first\拯救苹果\Debug\拯救苹果.lib" /MACHINE:X86 "Debug\拯救苹果.exe.embed.manifest.res"
         "Debug\源.obj"
         拯救苹果.vcxproj -> D:\编程\Git_project\my_first\拯救苹果\Debug\拯救苹果.exe
       FinalizeBuildStatus:
         正在删除文件“Debug\拯救苹果.unsuccessfulbuild”。
         正在对“Debug\拯救苹果.lastbuildstate”执行 Touch 任务。
     1>已完成生成项目“D:\编程\Git_project\my_first\拯救苹果\拯救苹果\拯救苹果.vcxproj”(build 个目标)的操作。

生成成功。

已用时间 00:00:03.87
